<?xml version="1.0" encoding="UTF-8"?>
<!-- Generated by org.testng.reporters.JUnitReportReporter -->
<testsuite hostname="DESKTOP-FQ1QT7I" failures="0" tests="3" name="testmavenproject.Testclass1" time="0.008" errors="0" timestamp="2023-09-26T12:28:46 CDT" skipped="0">
  <testcase classname="testmavenproject.Testclass1" name="testcase3" time="0.001"/>
  <system-out/>
  <testcase classname="testmavenproject.Testclass1" name="testcase1" time="0.006"/>
  <system-out/>
  <testcase classname="testmavenproject.Testclass1" name="testcase2" time="0.001"/>
  <system-out/>
</testsuite> <!-- testmavenproject.Testclass1 -->
