<?xml version="1.0" encoding="UTF-8"?>
<!-- Generated by org.testng.reporters.JUnitReportReporter -->
<testsuite hostname="DESKTOP-FQ1QT7I" failures="0" tests="2" name="testmavenproject.testclass2" time="0.002" errors="0" timestamp="2023-09-26T12:28:46 CDT" skipped="0">
  <testcase classname="testmavenproject.testclass2" name="testcase4" time="0.001"/>
  <system-out/>
  <testcase classname="testmavenproject.testclass2" name="testcase5" time="0.001"/>
  <system-out/>
</testsuite> <!-- testmavenproject.testclass2 -->
